This is pdfTeX, Version 3.141592653-2.6-1.40.22 (MiKTeX 21.3) (preloaded format=pdflatex 2021.5.10)  16 MAY 2021 01:14
entering extended mode
**./thesis.tex
(thesis.tex
LaTeX2e <2020-10-01> patch level 4
L3 programming layer <2021-02-18> (thesis_itu.cls
Document Class: thesis_itu 08/02/2019 BE
(D:\Work\PST\New folder\tex/latex/base\report.cls
Document Class: report 2020/04/10 v1.4m Standard LaTeX document class
(D:\Work\PST\New folder\tex/latex/base\size12.clo
File: size12.clo 2020/04/10 v1.4m Standard LaTeX file (size option)
)
\c@part=\count179
\c@chapter=\count180
\c@section=\count181
\c@subsection=\count182
\c@subsubsection=\count183
\c@paragraph=\count184
\c@subparagraph=\count185
\c@figure=\count186
\c@table=\count187
\abovecaptionskip=\skip47
\belowcaptionskip=\skip48
\bibindent=\dimen138
)
(D:\Work\PST\New folder\tex/latex/base\ifthen.sty
Package: ifthen 2014/09/29 v1.1c Standard LaTeX ifthen package (DPC)
)
(D:\Work\PST\New folder\tex/latex/base\fontenc.sty
Package: fontenc 2020/08/10 v2.0s Standard LaTeX package
)
(D:\Work\PST\New folder\tex/latex/base\inputenc.sty
Package: inputenc 2020/08/01 v1.3d Input encoding file
\inpenc@prehook=\toks15
\inpenc@posthook=\toks16
)
(D:\Work\PST\New folder\tex/latex/fancyhdr\fancyhdr.sty
Package: fancyhdr 2021/01/28 v4.0.1 Extensive control of page headers and foote
rs
\f@nch@headwidth=\skip49
\f@nch@O@elh=\skip50
\f@nch@O@erh=\skip51
\f@nch@O@olh=\skip52
\f@nch@O@orh=\skip53
\f@nch@O@elf=\skip54
\f@nch@O@erf=\skip55
\f@nch@O@olf=\skip56
\f@nch@O@orf=\skip57
)
(D:\Work\PST\New folder\tex/latex/caption\caption.sty
Package: caption 2020/10/26 v3.5g Customizing captions (AR)

(D:\Work\PST\New folder\tex/latex/caption\caption3.sty
Package: caption3 2020/10/21 v2.2e caption3 kernel (AR)

(D:\Work\PST\New folder\tex/latex/graphics\keyval.sty
Package: keyval 2014/10/28 v1.15 key=value parser (DPC)
\KV@toks@=\toks17
)
\captionmargin=\dimen139
\captionmargin@=\dimen140
\captionwidth=\dimen141
\caption@tempdima=\dimen142
\caption@indent=\dimen143
\caption@parindent=\dimen144
\caption@hangindent=\dimen145
Package caption Info: Standard document class detected.
)
\c@caption@flags=\count188
\c@continuedfloat=\count189
)
(D:\Work\PST\New folder\tex/latex/latex-tools\calc.sty
Package: calc 2017/05/25 v4.3 Infix arithmetic (KKT,FJ)
\calc@Acount=\count190
\calc@Bcount=\count191
\calc@Adimen=\dimen146
\calc@Bdimen=\dimen147
\calc@Askip=\skip58
\calc@Bskip=\skip59
LaTeX Info: Redefining \setlength on input line 80.
LaTeX Info: Redefining \addtolength on input line 81.
\calc@Ccount=\count192
\calc@Cskip=\skip60
)
(D:\Work\PST\New folder\tex/latex/appendix\appendix.sty
Package: appendix 2020/02/08 v1.2c extra appendix facilities
\c@@pps=\count193
\c@@ppsavesec=\count194
\c@@ppsaveapp=\count195
)
(D:\Work\PST\New folder\tex/latex/textpos\textpos.sty
Package: textpos 2020/09/26 v1.10

Package: textpos 2020/09/26 1.10, absolute positioning of text on the page
Package textpos Info: choosing support for LaTeX3 on input line 61.
\TP@textbox=\box47
\TP@holdbox=\box48
\TPHorizModule=\dimen148
\TPVertModule=\dimen149
\TP@margin=\dimen150
\TP@absmargin=\dimen151
Grid set 16 x 16 = 37.34424pt x 52.81541pt
\TPboxrulesize=\dimen152
\TP@ox=\dimen153
\TP@oy=\dimen154
\TP@tbargs=\toks18
TextBlockOrigin set to 0pt x 0pt
) (D:\Work\PST\New folder\tex/latex/graphics\lscape.sty
Package: lscape 2020/05/28 v3.02 Landscape Pages (DPC)

(D:\Work\PST\New folder\tex/latex/graphics\graphics.sty
Package: graphics 2020/08/30 v1.4c Standard LaTeX Graphics (DPC,SPQR)

(D:\Work\PST\New folder\tex/latex/graphics\trig.sty
Package: trig 2016/01/03 v1.10 sin cos tan (DPC)
)
(D:\Work\PST\New folder\tex/latex/graphics-cfg\graphics.cfg
File: graphics.cfg 2016/06/04 v1.11 sample graphics configuration
)
Package graphics Info: Driver file: pdftex.def on input line 105.

(D:\Work\PST\New folder\tex/latex/graphics-def\pdftex.def
File: pdftex.def 2020/10/05 v1.2a Graphics/color driver for pdftex
)))
(D:\Work\PST\New folder\tex/latex/url\url.sty
\Urlmuskip=\muskip16
Package: url 2013/09/16  ver 3.4  Verb mode for urls, etc.
)
\ChapterUstenBosluk=\skip61
\UstenBosluk=\skip62
\LoFparskip=\skip63
\LoTparskip=\skip64
\ToCparskip=\skip65
\defbaselineskip=\skip66
\tempwidth=\skip67
\tempbox=\box49
) (defs.tex
(D:\Work\PST\New folder\tex/latex/base\fontenc.sty
Package: fontenc 2020/08/10 v2.0s Standard LaTeX package
)
(D:\Work\PST\New folder\tex/latex/bookmark\bookmark.sty
Package: bookmark 2020-11-06 v1.29 PDF bookmarks (HO)

(D:\Work\PST\New folder\tex/latex/hyperref\hyperref.sty
Package: hyperref 2021-02-27 v7.00k Hypertext links for LaTeX

(D:\Work\PST\New folder\tex/generic/ltxcmds\ltxcmds.sty
Package: ltxcmds 2020-05-10 v1.25 LaTeX kernel commands for general use (HO)
)
(D:\Work\PST\New folder\tex/generic/iftex\iftex.sty
Package: iftex 2020/03/06 v1.0d TeX engine tests
)
(D:\Work\PST\New folder\tex/generic/pdftexcmds\pdftexcmds.sty
Package: pdftexcmds 2020-06-27 v0.33 Utility functions of pdfTeX for LuaTeX (HO
)

(D:\Work\PST\New folder\tex/generic/infwarerr\infwarerr.sty
Package: infwarerr 2019/12/03 v1.5 Providing info/warning/error messages (HO)
)
Package pdftexcmds Info: \pdf@primitive is available.
Package pdftexcmds Info: \pdf@ifprimitive is available.
Package pdftexcmds Info: \pdfdraftmode found.
)
(D:\Work\PST\New folder\tex/generic/kvsetkeys\kvsetkeys.sty
Package: kvsetkeys 2019/12/15 v1.18 Key value parser (HO)
)
(D:\Work\PST\New folder\tex/generic/kvdefinekeys\kvdefinekeys.sty
Package: kvdefinekeys 2019-12-19 v1.6 Define keys (HO)
)
(D:\Work\PST\New folder\tex/generic/pdfescape\pdfescape.sty
Package: pdfescape 2019/12/09 v1.15 Implements pdfTeX's escape features (HO)
)
(D:\Work\PST\New folder\tex/latex/hycolor\hycolor.sty
Package: hycolor 2020-01-27 v1.10 Color options for hyperref/bookmark (HO)
)
(D:\Work\PST\New folder\tex/latex/letltxmacro\letltxmacro.sty
Package: letltxmacro 2019/12/03 v1.6 Let assignment for LaTeX macros (HO)
)
(D:\Work\PST\New folder\tex/latex/auxhook\auxhook.sty
Package: auxhook 2019-12-17 v1.6 Hooks for auxiliary files (HO)


Package auxhook Warning: Cannot patch \document,
(auxhook)                using \AtBeginDocument instead.

) (D:\Work\PST\New folder\tex/latex/kvoptions\kvoptions.sty
Package: kvoptions 2020-10-07 v3.14 Key value format for package options (HO)
)
\@linkdim=\dimen155
\Hy@linkcounter=\count196
\Hy@pagecounter=\count197

(D:\Work\PST\New folder\tex/latex/hyperref\pd1enc.def
File: pd1enc.def 2021-02-27 v7.00k Hyperref: PDFDocEncoding definition (HO)
Now handling font encoding PD1 ...
... no UTF-8 mapping file for font encoding PD1
)
(D:\Work\PST\New folder\tex/latex/hyperref\hyperref-langpatches.def
File: hyperref-langpatches.def 2021-02-27 v7.00k Hyperref: patches for babel la
nguages
)
(D:\Work\PST\New folder\tex/generic/intcalc\intcalc.sty
Package: intcalc 2019/12/15 v1.3 Expandable calculations with integers (HO)
)
(D:\Work\PST\New folder\tex/generic/etexcmds\etexcmds.sty
Package: etexcmds 2019/12/15 v1.7 Avoid name clashes with e-TeX commands (HO)
)
\Hy@SavedSpaceFactor=\count198

(D:\Work\PST\New folder\tex/latex/hyperref\puenc.def
File: puenc.def 2021-02-27 v7.00k Hyperref: PDF Unicode definition (HO)
Now handling font encoding PU ...
... no UTF-8 mapping file for font encoding PU
)
Package hyperref Info: Hyper figures OFF on input line 4192.
Package hyperref Info: Link nesting OFF on input line 4197.
Package hyperref Info: Hyper index ON on input line 4200.
Package hyperref Info: Plain pages OFF on input line 4207.
Package hyperref Info: Backreferencing OFF on input line 4212.
Package hyperref Info: Implicit mode ON; LaTeX internals redefined.
Package hyperref Info: Bookmarks ON on input line 4445.
\c@Hy@tempcnt=\count199
LaTeX Info: Redefining \url on input line 4804.
\XeTeXLinkMargin=\dimen156

(D:\Work\PST\New folder\tex/generic/bitset\bitset.sty
Package: bitset 2019/12/09 v1.3 Handle bit-vector datatype (HO)

(D:\Work\PST\New folder\tex/generic/bigintcalc\bigintcalc.sty
Package: bigintcalc 2019/12/15 v1.5 Expandable calculations on big integers (HO
)
))
\Fld@menulength=\count266
\Field@Width=\dimen157
\Fld@charsize=\dimen158
Package hyperref Info: Hyper figures OFF on input line 6075.
Package hyperref Info: Link nesting OFF on input line 6080.
Package hyperref Info: Hyper index ON on input line 6083.
Package hyperref Info: backreferencing OFF on input line 6090.
Package hyperref Info: Link coloring OFF on input line 6095.
Package hyperref Info: Link coloring with OCG OFF on input line 6100.
Package hyperref Info: PDF/A mode OFF on input line 6105.
LaTeX Info: Redefining \ref on input line 6145.
LaTeX Info: Redefining \pageref on input line 6149.

(D:\Work\PST\New folder\tex/latex/base\atbegshi-ltx.sty
Package: atbegshi-ltx 2020/08/17 v1.0a Emulation of the original atbegshi packa
ge
with kernel methods
)
\Hy@abspage=\count267
\c@Item=\count268
\c@Hfootnote=\count269
)
Package hyperref Info: Driver (autodetected): hpdftex.

(D:\Work\PST\New folder\tex/latex/hyperref\hpdftex.def
File: hpdftex.def 2021-02-27 v7.00k Hyperref driver for pdfTeX

(D:\Work\PST\New folder\tex/latex/base\atveryend-ltx.sty
Package: atveryend-ltx 2020/08/19 v1.0a Emulation of the original atvery packag
e
with kernel methods
)
\Fld@listcount=\count270
\c@bookmark@seq@number=\count271

(D:\Work\PST\New folder\tex/latex/rerunfilecheck\rerunfilecheck.sty
Package: rerunfilecheck 2019/12/05 v1.9 Rerun checks for auxiliary files (HO)

(D:\Work\PST\New folder\tex/generic/uniquecounter\uniquecounter.sty
Package: uniquecounter 2019/12/15 v1.4 Provide unlimited unique counter (HO)
)
Package uniquecounter Info: New unique counter `rerunfilecheck' on input line 2
86.
)
\Hy@SectionHShift=\skip68
)
(D:\Work\PST\New folder\tex/latex/bookmark\bkm-pdftex.def
File: bkm-pdftex.def 2020-11-06 v1.29 bookmark driver for pdfTeX (HO)
\BKM@id=\count272
))
(D:\Work\PST\New folder\tex/latex/graphics\color.sty
Package: color 2020/02/24 v1.2b Standard LaTeX Color (DPC)

(D:\Work\PST\New folder\tex/latex/graphics-cfg\color.cfg
File: color.cfg 2016/01/02 v1.6 sample color configuration
)
Package color Info: Driver file: pdftex.def on input line 147.
)
(D:\Work\PST\New folder\tex/latex/psnfss\times.sty
Package: times 2020/03/25 PSNFSS-v9.3 (SPQR) 
)
(D:\Work\PST\New folder\tex/latex/amsfonts\amssymb.sty
Package: amssymb 2013/01/14 v3.01 AMS font symbols

(D:\Work\PST\New folder\tex/latex/amsfonts\amsfonts.sty
Package: amsfonts 2013/01/14 v3.01 Basic AMSFonts support
\@emptytoks=\toks19
\symAMSa=\mathgroup4
\symAMSb=\mathgroup5
LaTeX Font Info:    Redeclaring math symbol \hbar on input line 98.
LaTeX Font Info:    Overwriting math alphabet `\mathfrak' in version `bold'
(Font)                  U/euf/m/n --> U/euf/b/n on input line 106.
))
(D:\Work\PST\New folder\tex/latex/amsmath\amsmath.sty
Package: amsmath 2020/09/23 v2.17i AMS math features
\@mathmargin=\skip69

For additional information on amsmath, use the `?' option.
(D:\Work\PST\New folder\tex/latex/amsmath\amstext.sty
Package: amstext 2000/06/29 v2.01 AMS text

(D:\Work\PST\New folder\tex/latex/amsmath\amsgen.sty
File: amsgen.sty 1999/11/30 v2.0 generic functions
\@emptytoks=\toks20
\ex@=\dimen159
))
(D:\Work\PST\New folder\tex/latex/amsmath\amsbsy.sty
Package: amsbsy 1999/11/29 v1.2d Bold Symbols
\pmbraise@=\dimen160
)
(D:\Work\PST\New folder\tex/latex/amsmath\amsopn.sty
Package: amsopn 2016/03/08 v2.02 operator names
)
\inf@bad=\count273
LaTeX Info: Redefining \frac on input line 234.
\uproot@=\count274
\leftroot@=\count275
LaTeX Info: Redefining \overline on input line 399.
\classnum@=\count276
\DOTSCASE@=\count277
LaTeX Info: Redefining \ldots on input line 496.
LaTeX Info: Redefining \dots on input line 499.
LaTeX Info: Redefining \cdots on input line 620.
\Mathstrutbox@=\box50
\strutbox@=\box51
\big@size=\dimen161
LaTeX Font Info:    Redeclaring font encoding OML on input line 743.
LaTeX Font Info:    Redeclaring font encoding OMS on input line 744.
\macc@depth=\count278
\c@MaxMatrixCols=\count279
\dotsspace@=\muskip17
\c@parentequation=\count280
\dspbrk@lvl=\count281
\tag@help=\toks21
\row@=\count282
\column@=\count283
\maxfields@=\count284
\andhelp@=\toks22
\eqnshift@=\dimen162
\alignsep@=\dimen163
\tagshift@=\dimen164
\tagwidth@=\dimen165
\totwidth@=\dimen166
\lineht@=\dimen167
\@envbody=\toks23
\multlinegap=\skip70
\multlinetaggap=\skip71
\mathdisplay@stack=\toks24
LaTeX Info: Redefining \[ on input line 2923.
LaTeX Info: Redefining \] on input line 2924.
)
(D:\Work\PST\New folder\tex/latex/psnfss\mathptmx.sty
Package: mathptmx 2020/03/25 PSNFSS-v9.3 Times w/ Math, improved (SPQR, WaS) 
LaTeX Font Info:    Redeclaring symbol font `operators' on input line 28.
LaTeX Font Info:    Overwriting symbol font `operators' in version `normal'
(Font)                  OT1/cmr/m/n --> OT1/ztmcm/m/n on input line 28.
LaTeX Font Info:    Overwriting symbol font `operators' in version `bold'
(Font)                  OT1/cmr/bx/n --> OT1/ztmcm/m/n on input line 28.
LaTeX Font Info:    Redeclaring symbol font `letters' on input line 29.
LaTeX Font Info:    Overwriting symbol font `letters' in version `normal'
(Font)                  OML/cmm/m/it --> OML/ztmcm/m/it on input line 29.
LaTeX Font Info:    Overwriting symbol font `letters' in version `bold'
(Font)                  OML/cmm/b/it --> OML/ztmcm/m/it on input line 29.
LaTeX Font Info:    Redeclaring symbol font `symbols' on input line 30.
LaTeX Font Info:    Overwriting symbol font `symbols' in version `normal'
(Font)                  OMS/cmsy/m/n --> OMS/ztmcm/m/n on input line 30.
LaTeX Font Info:    Overwriting symbol font `symbols' in version `bold'
(Font)                  OMS/cmsy/b/n --> OMS/ztmcm/m/n on input line 30.
LaTeX Font Info:    Redeclaring symbol font `largesymbols' on input line 31.
LaTeX Font Info:    Overwriting symbol font `largesymbols' in version `normal'
(Font)                  OMX/cmex/m/n --> OMX/ztmcm/m/n on input line 31.
LaTeX Font Info:    Overwriting symbol font `largesymbols' in version `bold'
(Font)                  OMX/cmex/m/n --> OMX/ztmcm/m/n on input line 31.
\symbold=\mathgroup6
\symitalic=\mathgroup7
LaTeX Font Info:    Redeclaring math alphabet \mathbf on input line 34.
LaTeX Font Info:    Overwriting math alphabet `\mathbf' in version `normal'
(Font)                  OT1/cmr/bx/n --> OT1/ptm/bx/n on input line 34.
LaTeX Font Info:    Overwriting math alphabet `\mathbf' in version `bold'
(Font)                  OT1/cmr/bx/n --> OT1/ptm/bx/n on input line 34.
LaTeX Font Info:    Redeclaring math alphabet \mathit on input line 35.
LaTeX Font Info:    Overwriting math alphabet `\mathit' in version `normal'
(Font)                  OT1/cmr/m/it --> OT1/ptm/m/it on input line 35.
LaTeX Font Info:    Overwriting math alphabet `\mathit' in version `bold'
(Font)                  OT1/cmr/bx/it --> OT1/ptm/m/it on input line 35.
LaTeX Info: Redefining \hbar on input line 50.
)
(D:\Work\PST\New folder\tex/latex/latex-tools\bm.sty
Package: bm 2019/07/24 v1.2d Bold Symbol Support (DPC/FMi)
LaTeX Info: Redefining \bm on input line 209.
)
(D:\Work\PST\New folder\tex/latex/wrapfig\wrapfig.sty
\wrapoverhang=\dimen168
\WF@size=\dimen169
\c@WF@wrappedlines=\count285
\WF@box=\box52
\WF@everypar=\toks25
Package: wrapfig 2003/01/31  v 3.6
)
(D:\Work\PST\New folder\tex/latex/graphics\epsfig.sty
Package: epsfig 2017/06/25 v1.7b (e)psfig emulation (SPQR)

(D:\Work\PST\New folder\tex/latex/graphics\graphicx.sty
Package: graphicx 2020/09/09 v1.2b Enhanced LaTeX Graphics (DPC,SPQR)
\Gin@req@height=\dimen170
\Gin@req@width=\dimen171
)
\epsfxsize=\dimen172
\epsfysize=\dimen173
)
(D:\Work\PST\New folder\tex/latex/latex-tools\enumerate.sty
Package: enumerate 2015/07/23 v3.00 enumerate extensions (DPC)
\@enLab=\toks26
)
(D:\Work\PST\New folder\tex/latex/graphics\rotating.sty
Package: rotating 2016/08/11 v2.16d rotated objects in LaTeX
\c@r@tfl@t=\count286
\rotFPtop=\skip72
\rotFPbot=\skip73
\rot@float@box=\box53
\rot@mess@toks=\toks27
)
(D:\Work\PST\New folder\tex/latex/multirow\multirow.sty
Package: multirow 2021/03/15 v2.8 Span multiple rows of a table
\multirow@colwidth=\skip74
\multirow@cntb=\count287
\multirow@dima=\skip75
\bigstrutjot=\dimen174
)
(D:\Work\PST\New folder\tex/latex/colortbl\colortbl.sty
Package: colortbl 2020/01/04 v1.0e Color table columns (DPC)

(D:\Work\PST\New folder\tex/latex/latex-tools\array.sty
Package: array 2020/10/01 v2.5c Tabular extension package (FMi)
\col@sep=\dimen175
\ar@mcellbox=\box54
\extrarowheight=\dimen176
\NC@list=\toks28
\extratabsurround=\skip76
\backup@length=\skip77
\ar@cellbox=\box55
)
\everycr=\toks29
\minrowclearance=\skip78
)
(D:\Work\PST\New folder\tex/latex/pstricks\pstricks.sty
Package: pstricks 2020/06/11 v0.70 LaTeX wrapper for `PSTricks' (RN,HV)

(D:\Work\PST\New folder\tex/latex/xcolor\xcolor.sty
Package: xcolor 2016/05/11 v2.12 LaTeX color extensions (UK)

(D:\Work\PST\New folder\tex/latex/graphics-cfg\color.cfg
File: color.cfg 2016/01/02 v1.6 sample color configuration
)
Package xcolor Info: Driver file: pdftex.def on input line 225.
LaTeX Info: Redefining \color on input line 709.
Package xcolor Info: Model `cmy' substituted by `cmy0' on input line 1348.
Package xcolor Info: Model `hsb' substituted by `rgb' on input line 1352.
Package xcolor Info: Model `RGB' extended on input line 1364.
Package xcolor Info: Model `HTML' substituted by `rgb' on input line 1366.
Package xcolor Info: Model `Hsb' substituted by `hsb' on input line 1367.
Package xcolor Info: Model `tHsb' substituted by `hsb' on input line 1368.
Package xcolor Info: Model `HSB' substituted by `hsb' on input line 1369.
Package xcolor Info: Model `Gray' substituted by `gray' on input line 1370.
Package xcolor Info: Model `wave' substituted by `hsb' on input line 1371.
)
(D:\Work\PST\New folder\tex/generic/xkeyval\pst-xkey.tex
File: pst-xkey.tex 2005/11/25 v1.6 PSTricks specialization of xkeyval (HA)

(D:\Work\PST\New folder\tex/latex/xkeyval\xkeyval.sty
Package: xkeyval 2020/11/20 v2.8 package option processing (HA)

(D:\Work\PST\New folder\tex/generic/xkeyval\xkeyval.tex
(D:\Work\PST\New folder\tex/generic/xkeyval\xkvutils.tex
\XKV@toks=\toks30
\XKV@tempa@toks=\toks31
)
\XKV@depth=\count288
File: xkeyval.tex 2014/12/03 v2.7a key=value parser (HA)
)))
(D:\Work\PST\New folder\tex/generic/pstricks\pstricks.tex
(D:\Work\PST\New folder\tex/generic/pstricks\pst-fp.tex
`pst-fp' v0.06, 2020/11/20 (hv)
\pstFP@xs=\count289
\pstFP@xia=\count290
\pstFP@xib=\count291
\pstFP@xfa=\count292
\pstFP@xfb=\count293
\pstFP@rega=\count294
\pstFP@regb=\count295
\pstFP@regs=\count296
\pstFP@times=\count297
)
(D:\Work\PST\New folder\tex/generic/pgf/utilities\pgfutil-common.tex
\pgfutil@everybye=\toks32
\pgfutil@tempdima=\dimen177
\pgfutil@tempdimb=\dimen178

(D:\Work\PST\New folder\tex/generic/pgf/utilities\pgfutil-common-lists.tex))
(D:\Work\PST\New folder\tex/generic/pgf/utilities\pgfkeys.code.tex
\pgfkeys@pathtoks=\toks33
\pgfkeys@temptoks=\toks34

(D:\Work\PST\New folder\tex/generic/pgf/utilities\pgfkeysfiltered.code.tex
\pgfkeys@tmptoks=\toks35
))
(D:\Work\PST\New folder\tex/generic/pgf/utilities\pgffor.code.tex
Loading pgffor.code.tex
(D:\Work\PST\New folder\tex/generic/pgf/math\pgfmath.code.tex
(D:\Work\PST\New folder\tex/generic/pgf/math\pgfmathcalc.code.tex
(D:\Work\PST\New folder\tex/generic/pgf/math\pgfmathutil.code.tex
\pgf@x=\dimen179
\pgf@xa=\dimen180
\pgf@xb=\dimen181
\pgf@xc=\dimen182
\pgf@y=\dimen183
\pgf@ya=\dimen184
\pgf@yb=\dimen185
\pgf@yc=\dimen186
\c@pgf@counta=\count298
\c@pgf@countb=\count299
\c@pgf@countc=\count300
\c@pgf@countd=\count301
\pgfutil@tempcnta=\count302
\pgfutil@tempcntb=\count303
)
(D:\Work\PST\New folder\tex/generic/pgf/math\pgfmathparser.code.tex
\pgfmath@dimen=\dimen187
\pgfmath@count=\count304
\pgfmath@box=\box56
\pgfmath@toks=\toks36
\pgfmath@stack@operand=\toks37
\pgfmath@stack@operation=\toks38
)
(D:\Work\PST\New folder\tex/generic/pgf/math\pgfmathfunctions.code.tex
(D:\Work\PST\New folder\tex/generic/pgf/math\pgfmathfunctions.basic.code.tex)
(D:\Work\PST\New folder\tex/generic/pgf/math\pgfmathfunctions.trigonometric.cod
e.tex)
(D:\Work\PST\New folder\tex/generic/pgf/math\pgfmathfunctions.random.code.tex)
(D:\Work\PST\New folder\tex/generic/pgf/math\pgfmathfunctions.comparison.code.t
ex) (D:\Work\PST\New folder\tex/generic/pgf/math\pgfmathfunctions.base.code.tex
) (D:\Work\PST\New folder\tex/generic/pgf/math\pgfmathfunctions.round.code.tex)
(D:\Work\PST\New folder\tex/generic/pgf/math\pgfmathfunctions.misc.code.tex)
(D:\Work\PST\New folder\tex/generic/pgf/math\pgfmathfunctions.integerarithmetic
s.code.tex)))
(D:\Work\PST\New folder\tex/generic/pgf/math\pgfmathfloat.code.tex
\c@pgfmathroundto@lastzeros=\count305
))
\pgffor@iter=\dimen188
\pgffor@skip=\dimen189
\pgffor@stack=\toks39
\pgffor@toks=\toks40
)
\psLoopIndex=\count306

`PSTricks' v3.01a  <2021/03/30> (tvz,hv)
\pst@dima=\dimen190
\pst@dimb=\dimen191
\pst@dimc=\dimen192
\pst@dimd=\dimen193
\pst@dimg=\dimen194
\pst@dimh=\dimen195
\pst@dimm=\dimen196
\pst@dimn=\dimen197
\pst@dimo=\dimen198
\pst@dimp=\dimen199
\pst@hbox=\box57
\pst@ibox=\box58
\pst@boxg=\box59
\pst@cnta=\count307
\pst@cntb=\count308
\pst@cntc=\count309
\pst@cntd=\count310
\pst@cntg=\count311
\pst@cnth=\count312
\pst@cntm=\count313
\pst@cntn=\count314
\pst@cnto=\count315
\pst@cntp=\count316
\@zero=\count317
\pst@toks=\toks41
(D:\Work\PST\New folder\tex/generic/pstricks\pstricks.con)
\psunit=\dimen256
\psxunit=\dimen257
\psyunit=\dimen258
\pst@C@@rType=\count318
\pslinewidth=\dimen259
\psk@startLW=\dimen260
\psk@endLW=\dimen261
\pst@customdefs=\toks42
\pslinearc=\dimen262
\pst@symbolStep=\dimen263
\pst@symbolWidth=\dimen264
\pst@symbolLinewidth=\dimen265
\everypsbox=\toks43
\psframesep=\dimen266
\pslabelsep=\dimen267
\sh@wgridXunit=\dimen268
\sh@wgridYunit=\dimen269
\pst@shift=\dimen270
)
File: pstricks.tex 2021/03/30 v3.01a `PSTricks' (tvz,hv)

(D:\Work\PST\New folder\tex/generic/pstricks\pst-fp.tex
`pst-fp' v0.06, 2020/11/20 (hv))
File: pst-fp.tex 2020/11/20 v0.06 `PST-fp' (hv)
)
(D:\Work\PST\New folder\tex/latex/pst-plot\pst-plot.sty
Package: pst-plot 2011/06/05 v1.00 LaTeX wrapper for `pst-plot' (HV)

(D:\Work\PST\New folder\tex/latex/xkeyval\pst-xkey.sty
Package: pst-xkey 2005/11/25 v1.6 package wrapper for pst-xkey.tex (HA)
)
(D:\Work\PST\New folder\tex/latex/multido\multido.sty
Package: multido 2004/05/17 package wrapper for PSTricks `multido.tex', (HV/RN)


(D:\Work\PST\New folder\tex/generic/multido\multido.tex
 v1.42, 2010/05/14 <tvz>
\multido@count=\count319
\multidocount=\count320
\multido@stuff=\toks44
)
File: multido.tex 2010/05/14 v1.42 `multido' (tvz,hv)
)
Package: pst-plot 2011/04/13 package wrapper for pst-plot.tex (hv)

(D:\Work\PST\New folder\tex/generic/pst-plot\pst-plot.tex
(D:\Work\PST\New folder\tex/generic/pst-tools\pst-tools.tex
`PST-tools' v0.10, 2020/03/24 (hv)
\randomi=\count321
\ranval=\count322
)
(D:\Work\PST\New folder\tex/generic/pstricks-add\pstricks-add.tex
(D:\Work\PST\New folder\tex/generic/pst-node\pst-node.tex  v1.42a, 2020/04/01
\psrow=\count323
\pscol=\count324
\psmatrixcnt=\count325
\psrowsep=\skip79
\pscolsep=\skip80
\pst@args=\count326
\num@pts=\count327
\pst@argcnt=\count328
)
(D:\Work\PST\New folder\tex/generic/pst-arrow\pst-arrow.tex
`pst-arrow' v0.01, 2016/09/01 (dr,hv)
\pshooklength=\dimen271
\pshookwidth=\dimen272
)
(D:\Work\PST\New folder\tex/generic/pst-3d\pst-3d.tex
`PST-3d' v1.11, 2010/02/14 (tvz))
(D:\Work\PST\New folder\tex/generic/pst-math\pst-math.tex
`pst-math' v0.64 , (CJ,hv)) `pstricks-add' v3.89a, 2020/02/12 (dr,hv)
\psparallelogramsep=\dimen273
\pst@cntC=\count329
\pst@stepcount=\count330
\chart@ColorIndex=\dimen274
\chart@ColorStep=\dimen275
\pst@chartHeight=\dimen276
\pst@chartStackDepth=\dimen277
\pst@chartStackWidth=\dimen278
\chart@Toggle=\count331
\psVectorCtr=\count332
)
 v1.92, 2019/05/16 (tvz,hv)
\pstRadUnit=\dimen279
\pstRadUnitInv=\dimen280
\pst@linecnt=\count333
\RCD@file=\read2
\psxlabelsep=\dimen281
\psylabelsep=\dimen282
\psk@subticksize=\dimen283
\pst@xticksizeA=\dimen284
\pst@xticksizeB=\dimen285
\pst@xticksizeC=\dimen286
\pst@yticksizeA=\dimen287
\pst@yticksizeB=\dimen288
\pst@yticksizeC=\dimen289
\@digitcounter=\count334
\psk@llx=\dimen290
\psk@lly=\dimen291
\psk@urx=\dimen292
\psk@ury=\dimen293
\pst@xunit=\dimen294
\pst@yunit=\dimen295
)
File: pst-plot.tex 2019/05/16 1.92 `pst-plot' (tvz,hv)
) (D:\Work\PST\New folder\tex/latex/cite\cite.sty
LaTeX Info: Redefining \cite on input line 302.
LaTeX Info: Redefining \nocite on input line 332.
Package: cite 2015/02/27  v 5.5
)
(D:\Work\PST\New folder\tex/latex/base\latexsym.sty
Package: latexsym 1998/08/17 v2.2e Standard LaTeX package (lasy symbols)
\symlasy=\mathgroup8
LaTeX Font Info:    Overwriting symbol font `lasy' in version `bold'
(Font)                  U/lasy/m/n --> U/lasy/b/n on input line 52.
)
(D:\Work\PST\New folder\tex/latex/base\fixltx2e.sty
Package: fixltx2e 2016/12/29 v2.1a fixes to LaTeX (obsolete)
Applying: [2015/01/01] Old fixltx2e package on input line 46.


Package fixltx2e Warning: fixltx2e is not required with releases after 2015
(fixltx2e)                All fixes are now in the LaTeX kernel.
(fixltx2e)                See the latexrelease package for details.

Already applied: [0000/00/00] Old fixltx2e package on input line 53.
) (D:\Work\PST\New folder\tex/latex/xpatch\xpatch.sty
(D:\Work\PST\New folder\tex/latex/l3kernel\expl3.sty
Package: expl3 2021-02-18 L3 programming layer (loader) 

(D:\Work\PST\New folder\tex/latex/l3backend\l3backend-pdftex.def
File: l3backend-pdftex.def 2021-03-18 L3 backend support: PDF output (pdfTeX)
\l__color_backend_stack_int=\count335
\l__pdf_internal_box=\box60
))
Package: xpatch 2020/03/25 v0.3a Extending etoolbox patching commands

(D:\Work\PST\New folder\tex/latex/l3packages/xparse\xparse.sty
(D:\Work\PST\New folder\tex/latex/l3packages/xparse\xparse-2020-10-01.sty
(D:\Work\PST\New folder\tex/latex/l3packages/xparse\xparse-generic.tex)))
(D:\Work\PST\New folder\tex/latex/etoolbox\etoolbox.sty
Package: etoolbox 2020/10/05 v2.5k e-TeX tools for LaTeX (JAW)
\etb@tempcnta=\count336
))
(D:\Work\PST\New folder\tex/latex/ulem\ulem.sty
\UL@box=\box61
\UL@hyphenbox=\box62
\UL@skip=\skip81
\UL@hook=\toks45
\UL@height=\dimen296
\UL@pe=\count337
\UL@pixel=\dimen297
\ULC@box=\box63
Package: ulem 2019/11/18
\ULdepth=\dimen298
)
(D:\Work\PST\New folder\tex/latex/footmisc\footmisc.sty
Package: footmisc 2011/06/06 v5.5b a miscellany of footnote facilities
\FN@temptoken=\toks46
\footnotemargin=\dimen299
\c@pp@next@reset=\count338


LaTeX Warning: Command \@footnotemark  has changed.
               Check if current package is valid.

Package footmisc Info: Declaring symbol style bringhurst on input line 855.
Package footmisc Info: Declaring symbol style chicago on input line 863.
Package footmisc Info: Declaring symbol style wiley on input line 872.
Package footmisc Info: Declaring symbol style lamport-robust on input line 883.

Package footmisc Info: Declaring symbol style lamport* on input line 903.
Package footmisc Info: Declaring symbol style lamport*-robust on input line 924
.
) (D:\Work\PST\New folder\tex/latex/enumitem\enumitem.sty
Package: enumitem 2019/06/20 v3.9 Customized lists
\labelindent=\skip82
\enit@outerparindent=\dimen300
\enit@toks=\toks47
\enit@inbox=\box64
\enit@count@id=\count339
\enitdp@description=\count340
)
(D:\Work\PST\New folder\tex/latex/pdfpages\pdfpages.sty
Package: pdfpages 2021/03/06 v0.5t Insert pages of external PDF documents (AM)

(D:\Work\PST\New folder\tex/latex/eso-pic\eso-pic.sty
Package: eso-pic 2020/10/14 v3.0a eso-pic (RN)
\ESO@tempdima=\dimen301
\ESO@tempdimb=\dimen302
)
\AM@pagewidth=\dimen303
\AM@pageheight=\dimen304
\AM@fboxrule=\dimen305

(D:\Work\PST\New folder\tex/latex/pdfpages\pppdftex.def
File: pppdftex.def 2021/03/06 v0.5t Pdfpages driver for pdfTeX (AM)
)
\pdfpages@includegraphics@status=\count341
\AM@pagebox=\box65
\AM@global@opts=\toks48
\AM@pagecnt=\count342
\AM@toc@title=\toks49
\c@AM@survey=\count343
\AM@templatesizebox=\box66
)
(D:\Work\PST\New folder\tex/latex/tikzpagenodes\tikzpagenodes.sty
Package: tikzpagenodes 2012/09/16 v1.1 Special PGF/TikZ nodes for areas of the 
page

(D:\Work\PST\New folder\tex/latex/pgf/frontendlayer\tikz.sty
(D:\Work\PST\New folder\tex/latex/pgf/basiclayer\pgf.sty
(D:\Work\PST\New folder\tex/latex/pgf/utilities\pgfrcs.sty
(D:\Work\PST\New folder\tex/generic/pgf/utilities\pgfutil-common.tex
\pgfutil@everybye=\toks50
\pgfutil@tempdima=\dimen306
\pgfutil@tempdimb=\dimen307

(D:\Work\PST\New folder\tex/generic/pgf/utilities\pgfutil-common-lists.tex))
(D:\Work\PST\New folder\tex/generic/pgf/utilities\pgfutil-latex.def
\pgfutil@abb=\box67
)
(D:\Work\PST\New folder\tex/generic/pgf/utilities\pgfrcs.code.tex
(D:\Work\PST\New folder\tex/generic/pgf\pgf.revision.tex)
Package: pgfrcs 2020/12/27 v3.1.8b (3.1.8b)
))
Package: pgf 2020/12/27 v3.1.8b (3.1.8b)

(D:\Work\PST\New folder\tex/latex/pgf/basiclayer\pgfcore.sty
(D:\Work\PST\New folder\tex/latex/pgf/systemlayer\pgfsys.sty
(D:\Work\PST\New folder\tex/generic/pgf/systemlayer\pgfsys.code.tex
Package: pgfsys 2020/12/27 v3.1.8b (3.1.8b)

(D:\Work\PST\New folder\tex/generic/pgf/utilities\pgfkeys.code.tex)
\pgf@x=\dimen308
\pgf@y=\dimen309
\pgf@xa=\dimen310
\pgf@ya=\dimen311
\pgf@xb=\dimen312
\pgf@yb=\dimen313
\pgf@xc=\dimen314
\pgf@yc=\dimen315
\pgf@xd=\dimen316
\pgf@yd=\dimen317
\w@pgf@writea=\write3
\r@pgf@reada=\read3
\c@pgf@counta=\count344
\c@pgf@countb=\count345
\c@pgf@countc=\count346
\c@pgf@countd=\count347
\t@pgf@toka=\toks51
\t@pgf@tokb=\toks52
\t@pgf@tokc=\toks53
\pgf@sys@id@count=\count348

(D:\Work\PST\New folder\tex/generic/pgf/systemlayer\pgf.cfg
File: pgf.cfg 2020/12/27 v3.1.8b (3.1.8b)
)
Driver file for pgf: pgfsys-pdftex.def

(D:\Work\PST\New folder\tex/generic/pgf/systemlayer\pgfsys-pdftex.def
File: pgfsys-pdftex.def 2020/12/27 v3.1.8b (3.1.8b)

(D:\Work\PST\New folder\tex/generic/pgf/systemlayer\pgfsys-common-pdf.def
File: pgfsys-common-pdf.def 2020/12/27 v3.1.8b (3.1.8b)
)))
(D:\Work\PST\New folder\tex/generic/pgf/systemlayer\pgfsyssoftpath.code.tex
File: pgfsyssoftpath.code.tex 2020/12/27 v3.1.8b (3.1.8b)
\pgfsyssoftpath@smallbuffer@items=\count349
\pgfsyssoftpath@bigbuffer@items=\count350
)
(D:\Work\PST\New folder\tex/generic/pgf/systemlayer\pgfsysprotocol.code.tex
File: pgfsysprotocol.code.tex 2020/12/27 v3.1.8b (3.1.8b)
))
(D:\Work\PST\New folder\tex/generic/pgf/basiclayer\pgfcore.code.tex
Package: pgfcore 2020/12/27 v3.1.8b (3.1.8b)

(D:\Work\PST\New folder\tex/generic/pgf/math\pgfmath.code.tex)
(D:\Work\PST\New folder\tex/generic/pgf/math\pgfint.code.tex)
(D:\Work\PST\New folder\tex/generic/pgf/basiclayer\pgfcorepoints.code.tex
File: pgfcorepoints.code.tex 2020/12/27 v3.1.8b (3.1.8b)
\pgf@picminx=\dimen318
\pgf@picmaxx=\dimen319
\pgf@picminy=\dimen320
\pgf@picmaxy=\dimen321
\pgf@pathminx=\dimen322
\pgf@pathmaxx=\dimen323
\pgf@pathminy=\dimen324
\pgf@pathmaxy=\dimen325
\pgf@xx=\dimen326
\pgf@xy=\dimen327
\pgf@yx=\dimen328
\pgf@yy=\dimen329
\pgf@zx=\dimen330
\pgf@zy=\dimen331
)
(D:\Work\PST\New folder\tex/generic/pgf/basiclayer\pgfcorepathconstruct.code.te
x
File: pgfcorepathconstruct.code.tex 2020/12/27 v3.1.8b (3.1.8b)
\pgf@path@lastx=\dimen332
\pgf@path@lasty=\dimen333
) (D:\Work\PST\New folder\tex/generic/pgf/basiclayer\pgfcorepathusage.code.tex
File: pgfcorepathusage.code.tex 2020/12/27 v3.1.8b (3.1.8b)
\pgf@shorten@end@additional=\dimen334
\pgf@shorten@start@additional=\dimen335
) (D:\Work\PST\New folder\tex/generic/pgf/basiclayer\pgfcorescopes.code.tex
File: pgfcorescopes.code.tex 2020/12/27 v3.1.8b (3.1.8b)
\pgfpic=\box68
\pgf@hbox=\box69
\pgf@layerbox@main=\box70
\pgf@picture@serial@count=\count351
)
(D:\Work\PST\New folder\tex/generic/pgf/basiclayer\pgfcoregraphicstate.code.tex
File: pgfcoregraphicstate.code.tex 2020/12/27 v3.1.8b (3.1.8b)
\pgflinewidth=\dimen336
)
(D:\Work\PST\New folder\tex/generic/pgf/basiclayer\pgfcoretransformations.code.
tex
File: pgfcoretransformations.code.tex 2020/12/27 v3.1.8b (3.1.8b)
\pgf@pt@x=\dimen337
\pgf@pt@y=\dimen338
\pgf@pt@temp=\dimen339
) (D:\Work\PST\New folder\tex/generic/pgf/basiclayer\pgfcorequick.code.tex
File: pgfcorequick.code.tex 2020/12/27 v3.1.8b (3.1.8b)
)
(D:\Work\PST\New folder\tex/generic/pgf/basiclayer\pgfcoreobjects.code.tex
File: pgfcoreobjects.code.tex 2020/12/27 v3.1.8b (3.1.8b)
)
(D:\Work\PST\New folder\tex/generic/pgf/basiclayer\pgfcorepathprocessing.code.t
ex
File: pgfcorepathprocessing.code.tex 2020/12/27 v3.1.8b (3.1.8b)
) (D:\Work\PST\New folder\tex/generic/pgf/basiclayer\pgfcorearrows.code.tex
File: pgfcorearrows.code.tex 2020/12/27 v3.1.8b (3.1.8b)
\pgfarrowsep=\dimen340
)
(D:\Work\PST\New folder\tex/generic/pgf/basiclayer\pgfcoreshade.code.tex
File: pgfcoreshade.code.tex 2020/12/27 v3.1.8b (3.1.8b)
\pgf@max=\dimen341
\pgf@sys@shading@range@num=\count352
\pgf@shadingcount=\count353
)
(D:\Work\PST\New folder\tex/generic/pgf/basiclayer\pgfcoreimage.code.tex
File: pgfcoreimage.code.tex 2020/12/27 v3.1.8b (3.1.8b)

(D:\Work\PST\New folder\tex/generic/pgf/basiclayer\pgfcoreexternal.code.tex
File: pgfcoreexternal.code.tex 2020/12/27 v3.1.8b (3.1.8b)
\pgfexternal@startupbox=\box71
))
(D:\Work\PST\New folder\tex/generic/pgf/basiclayer\pgfcorelayers.code.tex
File: pgfcorelayers.code.tex 2020/12/27 v3.1.8b (3.1.8b)
)
(D:\Work\PST\New folder\tex/generic/pgf/basiclayer\pgfcoretransparency.code.tex
File: pgfcoretransparency.code.tex 2020/12/27 v3.1.8b (3.1.8b)
) (D:\Work\PST\New folder\tex/generic/pgf/basiclayer\pgfcorepatterns.code.tex
File: pgfcorepatterns.code.tex 2020/12/27 v3.1.8b (3.1.8b)
)
(D:\Work\PST\New folder\tex/generic/pgf/basiclayer\pgfcorerdf.code.tex
File: pgfcorerdf.code.tex 2020/12/27 v3.1.8b (3.1.8b)
)))
(D:\Work\PST\New folder\tex/generic/pgf/modules\pgfmoduleshapes.code.tex
File: pgfmoduleshapes.code.tex 2020/12/27 v3.1.8b (3.1.8b)
\pgfnodeparttextbox=\box72
)
(D:\Work\PST\New folder\tex/generic/pgf/modules\pgfmoduleplot.code.tex
File: pgfmoduleplot.code.tex 2020/12/27 v3.1.8b (3.1.8b)
)
(D:\Work\PST\New folder\tex/latex/pgf/compatibility\pgfcomp-version-0-65.sty
Package: pgfcomp-version-0-65 2020/12/27 v3.1.8b (3.1.8b)
\pgf@nodesepstart=\dimen342
\pgf@nodesepend=\dimen343
)
(D:\Work\PST\New folder\tex/latex/pgf/compatibility\pgfcomp-version-1-18.sty
Package: pgfcomp-version-1-18 2020/12/27 v3.1.8b (3.1.8b)
))
(D:\Work\PST\New folder\tex/latex/pgf/utilities\pgffor.sty
(D:\Work\PST\New folder\tex/latex/pgf/utilities\pgfkeys.sty
(D:\Work\PST\New folder\tex/generic/pgf/utilities\pgfkeys.code.tex))
(D:\Work\PST\New folder\tex/latex/pgf/math\pgfmath.sty
(D:\Work\PST\New folder\tex/generic/pgf/math\pgfmath.code.tex))
(D:\Work\PST\New folder\tex/generic/pgf/utilities\pgffor.code.tex
Package: pgffor 2020/12/27 v3.1.8b (3.1.8b)

(D:\Work\PST\New folder\tex/generic/pgf/math\pgfmath.code.tex)
\pgffor@iter=\dimen344
\pgffor@skip=\dimen345
\pgffor@stack=\toks54
\pgffor@toks=\toks55
))
(D:\Work\PST\New folder\tex/generic/pgf/frontendlayer/tikz\tikz.code.tex
Package: tikz 2020/12/27 v3.1.8b (3.1.8b)

(D:\Work\PST\New folder\tex/generic/pgf/libraries\pgflibraryplothandlers.code.t
ex
File: pgflibraryplothandlers.code.tex 2020/12/27 v3.1.8b (3.1.8b)
\pgf@plot@mark@count=\count354
\pgfplotmarksize=\dimen346
)
\tikz@lastx=\dimen347
\tikz@lasty=\dimen348
\tikz@lastxsaved=\dimen349
\tikz@lastysaved=\dimen350
\tikz@lastmovetox=\dimen351
\tikz@lastmovetoy=\dimen352
\tikzleveldistance=\dimen353
\tikzsiblingdistance=\dimen354
\tikz@figbox=\box73
\tikz@figbox@bg=\box74
\tikz@tempbox=\box75
\tikz@tempbox@bg=\box76
\tikztreelevel=\count355
\tikznumberofchildren=\count356
\tikznumberofcurrentchild=\count357
\tikz@fig@count=\count358
 (D:\Work\PST\New folder\tex/generic/pgf/modules\pgfmodulematrix.code.tex
File: pgfmodulematrix.code.tex 2020/12/27 v3.1.8b (3.1.8b)
\pgfmatrixcurrentrow=\count359
\pgfmatrixcurrentcolumn=\count360
\pgf@matrix@numberofcolumns=\count361
)
\tikz@expandcount=\count362

(D:\Work\PST\New folder\tex/generic/pgf/frontendlayer/tikz/libraries\tikzlibrar
ytopaths.code.tex
File: tikzlibrarytopaths.code.tex 2020/12/27 v3.1.8b (3.1.8b)
))) (D:\Work\PST\New folder\tex/latex/ifoddpage\ifoddpage.sty
Package: ifoddpage 2016/04/23 v1.1 Conditionals for odd/even page detection
\c@checkoddpage=\count363
)) (D:\Work\PST\New folder\tex/latex/latex-tools\longtable.sty
Package: longtable 2020/01/07 v4.13 Multi-page Table package (DPC)
\LTleft=\skip83
\LTright=\skip84
\LTpre=\skip85
\LTpost=\skip86
\LTchunksize=\count364
\LTcapwidth=\dimen355
\LT@head=\box77
\LT@firsthead=\box78
\LT@foot=\box79
\LT@lastfoot=\box80
\LT@cols=\count365
\LT@rows=\count366
\c@LT@tables=\count367
\c@LT@chunks=\count368
\LT@p@ftn=\toks56
)
(D:\Work\PST\New folder\tex/latex/latex-tools\hhline.sty
Package: hhline 2020/01/04 v2.04 Table rule package (DPC)
)
(D:\Work\PST\New folder\tex/latex/siunitx\siunitx.sty
Package: siunitx 2021-04-17 v2.8e A comprehensive (SI) units package

(D:\Work\PST\New folder\tex/latex/l3packages/l3keys2e\l3keys2e.sty
Package: l3keys2e 2021-03-12 LaTeX2e option processing using LaTeX3 keys
)
\l__siunitx_tmp_box=\box81
\l__siunitx_tmp_dim=\dimen356
\l__siunitx_tmp_int=\count369
\l__siunitx_number_mantissa_length_int=\count370
\l__siunitx_number_uncert_length_int=\count371
\l__siunitx_round_int=\count372
\l__siunitx_process_decimal_int=\count373
\l__siunitx_process_uncertainty_int=\count374
\l__siunitx_process_fixed_int=\count375
\l__siunitx_process_integer_min_int=\count376
\l__siunitx_process_precision_int=\count377
\l__siunitx_group_min_int=\count378
\l__siunitx_angle_marker_box=\box82
\l__siunitx_angle_unit_box=\box83
\l__siunitx_angle_marker_dim=\dimen357
\l__siunitx_angle_unit_dim=\dimen358
\l__siunitx_unit_int=\count379
\l__siunitx_unit_denominator_int=\count380
\l__siunitx_unit_numerator_int=\count381
\l__siunitx_unit_prefix_int=\count382
\l__siunitx_unit_prefix_base_int=\count383
\l__siunitx_unit_prefix_gram_int=\count384
\l__siunitx_number_product_int=\count385
\c__siunitx_one_fill_skip=\skip87
\l__siunitx_table_unit_align_skip=\skip88
\l__siunitx_table_exponent_dim=\dimen359
\l__siunitx_table_integer_dim=\dimen360
\l__siunitx_table_mantissa_dim=\dimen361
\l__siunitx_table_marker_dim=\dimen362
\l__siunitx_table_result_dim=\dimen363
\l__siunitx_table_uncert_dim=\dimen364
\l__siunitx_table_fill_pre_dim=\dimen365
\l__siunitx_table_fill_post_dim=\dimen366
\l__siunitx_table_fill_mid_dim=\dimen367
\l__siunitx_table_pre_box=\box84
\l__siunitx_table_post_box=\box85
\l__siunitx_table_mantissa_box=\box86
\l__siunitx_table_result_box=\box87
\l__siunitx_table_number_align_skip=\skip89
\l__siunitx_table_text_align_skip=\skip90

(D:\Work\PST\New folder\tex/latex/translator\translator.sty
Package: translator 2020-08-03 v1.12c Easy translation of strings in LaTeX
))
(D:\Work\PST\New folder\tex/latex/caption\subcaption.sty
Package: subcaption 2020/10/07 v1.3j Sub-captions (AR)
\c@subfigure=\count386
\c@subtable=\count387
))
LaTeX Font Info:    Trying to load font information for T1+ptm on input line 18
4.

(D:\Work\PST\New folder\tex/latex/psnfss\t1ptm.fd
File: t1ptm.fd 2001/06/04 font definitions for T1/ptm.
) (thesis.aux)
\openout1 = `thesis.aux'.

LaTeX Font Info:    Checking defaults for OML/cmm/m/it on input line 184.
LaTeX Font Info:    ... okay on input line 184.
LaTeX Font Info:    Checking defaults for OMS/cmsy/m/n on input line 184.
LaTeX Font Info:    ... okay on input line 184.
LaTeX Font Info:    Checking defaults for OT1/cmr/m/n on input line 184.
LaTeX Font Info:    ... okay on input line 184.
LaTeX Font Info:    Checking defaults for T1/cmr/m/n on input line 184.
LaTeX Font Info:    ... okay on input line 184.
LaTeX Font Info:    Checking defaults for TS1/cmr/m/n on input line 184.
LaTeX Font Info:    ... okay on input line 184.
LaTeX Font Info:    Checking defaults for OMX/cmex/m/n on input line 184.
LaTeX Font Info:    ... okay on input line 184.
LaTeX Font Info:    Checking defaults for U/cmr/m/n on input line 184.
LaTeX Font Info:    ... okay on input line 184.
LaTeX Font Info:    Checking defaults for PD1/pdf/m/n on input line 184.
LaTeX Font Info:    ... okay on input line 184.
LaTeX Font Info:    Checking defaults for PU/pdf/m/n on input line 184.
LaTeX Font Info:    ... okay on input line 184.
Package caption Info: Begin \AtBeginDocument code.
Package caption Info: hyperref package is loaded.
Package caption Info: longtable package is loaded.

(D:\Work\PST\New folder\tex/latex/caption\ltcaption.sty
Package: ltcaption 2020/05/30 v1.4b longtable captions (AR)
)
Package caption Info: rotating package is loaded.
Package caption Info: wrapfig package is loaded.
Package caption Info: End \AtBeginDocument code.

(D:\Work\PST\New folder\tex/context/base/mkii\supp-pdf.mkii
[Loading MPS to PDF converter (version 2006.09.02).]
\scratchcounter=\count388
\scratchdimen=\dimen368
\scratchbox=\box88
\nofMPsegments=\count389
\nofMParguments=\count390
\everyMPshowfont=\toks57
\MPscratchCnt=\count391
\MPscratchDim=\dimen369
\MPnumerator=\count392
\makeMPintoPDFobject=\count393
\everyMPtoPDFconversion=\toks58
) (D:\Work\PST\New folder\tex/latex/epstopdf-pkg\epstopdf-base.sty
Package: epstopdf-base 2020-01-24 v2.11 Base part for package epstopdf
Package epstopdf-base Info: Redefining graphics rule for `.eps' on input line 4
85.

(D:\Work\PST\New folder\tex/latex/00miktex\epstopdf-sys.cfg
File: epstopdf-sys.cfg 2021/03/18 v2.0 Configuration of epstopdf for MiKTeX
))
Package hyperref Info: Link coloring OFF on input line 184.

(D:\Work\PST\New folder\tex/latex/hyperref\nameref.sty
Package: nameref 2021-04-02 v2.47 Cross-referencing by name of section

(D:\Work\PST\New folder\tex/latex/refcount\refcount.sty
Package: refcount 2019/12/15 v3.6 Data extraction from label references (HO)
)
(D:\Work\PST\New folder\tex/generic/gettitlestring\gettitlestring.sty
Package: gettitlestring 2019/12/15 v1.6 Cleanup title references (HO)
)
\c@section@level=\count394
)
LaTeX Info: Redefining \ref on input line 184.
LaTeX Info: Redefining \pageref on input line 184.
LaTeX Info: Redefining \nameref on input line 184.

(D:\Work\PST\New folder\tex/latex/pdflscape\pdflscape.sty
Package: pdflscape 2019/12/05 v0.12 Display of landscape pages in PDF (HO)
Package pdflscape Info: Auto-detected driver: pdftex on input line 81.
)
(D:\Work\PST\New folder\tex/latex/siunitx\siunitx-abbreviations.cfg
File: siunitx-abbreviations.cfg 2021-04-17 v2.8e siunitx: Abbreviated units
)
(D:\Work\PST\New folder\tex/latex/translator\translator-basic-dictionary-Englis
h.dict
Dictionary: translator-basic-dictionary, Language: English 
)
LaTeX Font Info:    Trying to load font information for OT1+ztmcm on input line
 184.
 (D:\Work\PST\New folder\tex/latex/psnfss\ot1ztmcm.fd
File: ot1ztmcm.fd 2000/01/03 Fontinst v1.801 font definitions for OT1/ztmcm.
)
LaTeX Font Info:    Trying to load font information for OML+ztmcm on input line
 184.

(D:\Work\PST\New folder\tex/latex/psnfss\omlztmcm.fd
File: omlztmcm.fd 2000/01/03 Fontinst v1.801 font definitions for OML/ztmcm.
)
LaTeX Font Info:    Trying to load font information for OMS+ztmcm on input line
 184.

(D:\Work\PST\New folder\tex/latex/psnfss\omsztmcm.fd
File: omsztmcm.fd 2000/01/03 Fontinst v1.801 font definitions for OMS/ztmcm.
)
LaTeX Font Info:    Trying to load font information for OMX+ztmcm on input line
 184.

(D:\Work\PST\New folder\tex/latex/psnfss\omxztmcm.fd
File: omxztmcm.fd 2000/01/03 Fontinst v1.801 font definitions for OMX/ztmcm.
)
LaTeX Font Info:    Trying to load font information for OT1+ptm on input line 1
84.

(D:\Work\PST\New folder\tex/latex/psnfss\ot1ptm.fd
File: ot1ptm.fd 2001/06/04 font definitions for OT1/ptm.
)
LaTeX Font Info:    Font shape `OT1/ptm/bx/n' in size <12> not available
(Font)              Font shape `OT1/ptm/b/n' tried instead on input line 184.
LaTeX Font Info:    Font shape `OT1/ptm/bx/n' in size <9> not available
(Font)              Font shape `OT1/ptm/b/n' tried instead on input line 184.
LaTeX Font Info:    Font shape `OT1/ptm/bx/n' in size <7> not available
(Font)              Font shape `OT1/ptm/b/n' tried instead on input line 184.
LaTeX Font Info:    Trying to load font information for U+lasy on input line 18
4.

(D:\Work\PST\New folder\tex/latex/base\ulasy.fd
File: ulasy.fd 1998/08/17 v2.2e LaTeX symbol font definitions
)
LaTeX Font Info:    Font shape `OT1/ptm/bx/n' in size <10> not available
(Font)              Font shape `OT1/ptm/b/n' tried instead on input line 184.
LaTeX Font Info:    Font shape `OT1/ptm/bx/n' in size <7.4> not available
(Font)              Font shape `OT1/ptm/b/n' tried instead on input line 184.
LaTeX Font Info:    Font shape `OT1/ptm/bx/n' in size <6> not available
(Font)              Font shape `OT1/ptm/b/n' tried instead on input line 184.
 [1
Non-PDF special ignored!
<special> header=pstricks.pro
Non-PDF special ignored!
<special> header=pst-algparser.pro
Non-PDF special ignored!
<special> header=pst-tools.pro
Non-PDF special ignored!
<special> header=pst-dots.pro
Non-PDF special ignored!
<special> header=pst-node.pro
Non-PDF special ignored!
<special> header=pst-3d.pro
Non-PDF special ignored!
<special> header=pst-math.pro
Non-PDF special ignored!
<special> header=pstricks-add.pro
{C:/Users/26046633.AR-ARCELIK/AppData/Local/MiKTeX/pdftex/config/pdftex.map}


Non-PDF special ignored!
<special> ps: /pssetRGBcolor /setrgbcolor load def /pssetCMYKcolor /setcmyk...
Non-PDF special ignored!
<special> ps:tx@Dict begin  gsave STV CP T /ps@rot 0 def grestore  end
Non-PDF special ignored!
<special> ps:tx@Dict begin  gsave STV CP T /ps@refangle 0.  def grestore  e...
Non-PDF special ignored!
<special> ps:tx@Dict begin  gsave STV CP T /ps@rot 0 def grestore  end

] [2

] [3] [4

] [5] [6

]
Overfull \hbox (0.75836pt too wide) in paragraph at lines 184--184
\T1/ptm/m/n/12 ful-fill-ing the re-quire-ments spec-i-fied in the as-so-ci-ated
 leg-is-la-tions, be-fore the jury whose
 []

[5]

Package fancyhdr Warning: \headheight is too small (0.0pt): 
(fancyhdr)                Make it at least 14.49998pt, for example:
(fancyhdr)                \setlength{\headheight}{14.49998pt}.
(fancyhdr)                You might also make \topmargin smaller to compensate:

(fancyhdr)                \addtolength{\topmargin}{-14.49998pt}.

[6

] [7]

Package fancyhdr Warning: \headheight is too small (0.0pt): 
(fancyhdr)                Make it at least 14.49998pt, for example:
(fancyhdr)                \setlength{\headheight}{14.49998pt}.
(fancyhdr)                You might also make \topmargin smaller to compensate:

(fancyhdr)                \addtolength{\topmargin}{-14.49998pt}.

[8

]
Underfull \hbox (badness 10000) in paragraph at lines 184--184

 []

(foreword.tex) [9]

Package fancyhdr Warning: \headheight is too small (0.0pt): 
(fancyhdr)                Make it at least 14.49998pt, for example:
(fancyhdr)                \setlength{\headheight}{14.49998pt}.
(fancyhdr)                You might also make \topmargin smaller to compensate:

(fancyhdr)                \addtolength{\topmargin}{-14.49998pt}.

[10

]
Underfull \hbox (badness 10000) in paragraph at lines 184--184

 []

\th@oldparskip=\skip91
(thesis.toc
Underfull \hbox (badness 1117) in paragraph at lines 15--15
[][]\T1/ptm/b/n/12 2. CON-DI-TION MON-I-TOR-ING OF IN-DUC-TION MO-TORS: BACK- 
 []

[11])
\tf@toc=\write4
\openout4 = `thesis.toc'.



Package fancyhdr Warning: \headheight is too small (0.0pt): 
(fancyhdr)                Make it at least 14.49998pt, for example:
(fancyhdr)                \setlength{\headheight}{14.49998pt}.
(fancyhdr)                You might also make \topmargin smaller to compensate:

(fancyhdr)                \addtolength{\topmargin}{-14.49998pt}.

[12] (abbreviations.tex) [13

]

Package fancyhdr Warning: \headheight is too small (0.0pt): 
(fancyhdr)                Make it at least 14.49998pt, for example:
(fancyhdr)                \setlength{\headheight}{14.49998pt}.
(fancyhdr)                You might also make \topmargin smaller to compensate:

(fancyhdr)                \addtolength{\topmargin}{-14.49998pt}.

[14

] (symbols.tex) [15]

Package fancyhdr Warning: \headheight is too small (0.0pt): 
(fancyhdr)                Make it at least 14.49998pt, for example:
(fancyhdr)                \setlength{\headheight}{14.49998pt}.
(fancyhdr)                You might also make \topmargin smaller to compensate:

(fancyhdr)                \addtolength{\topmargin}{-14.49998pt}.

[16

]
Underfull \hbox (badness 10000) in paragraph at lines 184--184

 []

(thesis.lot)
\tf@lot=\write5
\openout5 = `thesis.lot'.

 [17]

Package fancyhdr Warning: \headheight is too small (0.0pt): 
(fancyhdr)                Make it at least 14.49998pt, for example:
(fancyhdr)                \setlength{\headheight}{14.49998pt}.
(fancyhdr)                You might also make \topmargin smaller to compensate:

(fancyhdr)                \addtolength{\topmargin}{-14.49998pt}.

[18

]
Underfull \hbox (badness 10000) in paragraph at lines 184--184

 []

(thesis.lof)
\tf@lof=\write6
\openout6 = `thesis.lof'.

 [19]

Package fancyhdr Warning: \headheight is too small (0.0pt): 
(fancyhdr)                Make it at least 14.49998pt, for example:
(fancyhdr)                \setlength{\headheight}{14.49998pt}.
(fancyhdr)                You might also make \topmargin smaller to compensate:

(fancyhdr)                \addtolength{\topmargin}{-14.49998pt}.

[20

] (summary.tex) [21]

Package fancyhdr Warning: \headheight is too small (0.0pt): 
(fancyhdr)                Make it at least 14.49998pt, for example:
(fancyhdr)                \setlength{\headheight}{14.49998pt}.
(fancyhdr)                You might also make \topmargin smaller to compensate:

(fancyhdr)                \addtolength{\topmargin}{-14.49998pt}.

[22

] (summary_TR.tex) [23]

Package fancyhdr Warning: \headheight is too small (0.0pt): 
(fancyhdr)                Make it at least 14.49998pt, for example:
(fancyhdr)                \setlength{\headheight}{14.49998pt}.
(fancyhdr)                You might also make \topmargin smaller to compensate:

(fancyhdr)                \addtolength{\topmargin}{-14.49998pt}.

[24

] (chapter_01.texpdfTeX warning (ext4): destination with the same identifier (n
ame{page.1}) has been already used, duplicate ignored
<to be read again> 
                   \relax 
l.14 
      [1

]
Underfull \hbox (badness 2689) in paragraph at lines 17--18
[]\T1/ptm/m/n/12 Industry 4.0 shap-ing in-dus-trial op-er-a-tions through au-to
ma-tion and ef-fi-ciency.
 []


Package fancyhdr Warning: \headheight is too small (0.0pt): 
(fancyhdr)                Make it at least 14.49998pt, for example:
(fancyhdr)                \setlength{\headheight}{14.49998pt}.
(fancyhdr)                You might also make \topmargin smaller to compensate:

(fancyhdr)                \addtolength{\topmargin}{-14.49998pt}.

pdfTeX warning (ext4): destination with the same identifier (name{page.2}) has 
been already used, duplicate ignored
<to be read again> 
                   \relax 
l.25 
      [2]
Underfull \hbox (badness 7362) in paragraph at lines 44--45
[]\T1/ptm/m/n/12 Chapter-4 dis-cusses iden-ti-fi-ca-tion of faults via two dif-
fer-ent ap-proach:
 []

) (chapter_02.texpdfTeX warning (ext4): destination with the same identifier (n
ame{page.3}) has been already used, duplicate ignored
<to be read again> 
                   \relax 
l.2 ...ONITORING OF INDUCTION MOTORS: BACKGROUND }
                                                  \label{Ch2} [3]

Package fancyhdr Warning: \headheight is too small (0.0pt): 
(fancyhdr)                Make it at least 14.49998pt, for example:
(fancyhdr)                \setlength{\headheight}{14.49998pt}.
(fancyhdr)                You might also make \topmargin smaller to compensate:

(fancyhdr)                \addtolength{\topmargin}{-14.49998pt}.

pdfTeX warning (ext4): destination with the same identifier (name{page.4}) has 
been already used, duplicate ignored
<to be read again> 
                   \relax 
l.2 ...ONITORING OF INDUCTION MOTORS: BACKGROUND }
                                                  \label{Ch2} [4

]pdfTeX warning (ext4): destination with the same identifier (name{page.5}) has
 been already used, duplicate ignored
<to be read again> 
                   \relax 
l.28 T
      he first paragraph following a table must have 12 pt (before) and 6 pt...
[5]
<./fig/sekil1.png, id=366, 580.3281pt x 466.8642pt>
File: ./fig/sekil1.png Graphic file (type png)
<use ./fig/sekil1.png>
Package pdftex.def Info: ./fig/sekil1.png  used on input line 42.
(pdftex.def)             Requested size: 174.09976pt x 140.06033pt.
File: ./fig/sekil1.png Graphic file (type png)
<use ./fig/sekil1.png>
Package pdftex.def Info: ./fig/sekil1.png  used on input line 83.
(pdftex.def)             Requested size: 174.09976pt x 140.06033pt.
File: ./fig/sekil1.png Graphic file (type png)
<use ./fig/sekil1.png>
Package pdftex.def Info: ./fig/sekil1.png  used on input line 89.
(pdftex.def)             Requested size: 174.09976pt x 140.06033pt.


LaTeX Warning: `h' float specifier changed to `ht'.


Package fancyhdr Warning: \headheight is too small (0.0pt): 
(fancyhdr)                Make it at least 14.49998pt, for example:
(fancyhdr)                \setlength{\headheight}{14.49998pt}.
(fancyhdr)                You might also make \topmargin smaller to compensate:

(fancyhdr)                \addtolength{\topmargin}{-14.49998pt}.

pdfTeX warning (ext4): destination with the same identifier (name{page.6}) has 
been already used, duplicate ignored
<to be read again> 
                   \relax 
l.105 
       [6 <./fig/sekil1.png>]
<./fig/sekil2.png, id=372, 807.2559pt x 544.1931pt>
File: ./fig/sekil2.png Graphic file (type png)
<use ./fig/sekil2.png>
Package pdftex.def Info: ./fig/sekil2.png  used on input line 108.
(pdftex.def)             Requested size: 284.52756pt x 191.80733pt.
 [7]

Package fancyhdr Warning: \headheight is too small (0.0pt): 
(fancyhdr)                Make it at least 14.49998pt, for example:
(fancyhdr)                \setlength{\headheight}{14.49998pt}.
(fancyhdr)                You might also make \topmargin smaller to compensate:

(fancyhdr)                \addtolength{\topmargin}{-14.49998pt}.

[8 <./fig/sekil2.png>] [9]
<./fig/sekil3.png, id=390, 1145.4795pt x 728.4816pt>
File: ./fig/sekil3.png Graphic file (type png)
<use ./fig/sekil3.png>
Package pdftex.def Info: ./fig/sekil3.png  used on input line 152.
(pdftex.def)             Requested size: 469.64964pt x 298.67938pt.
 [10

 <./fig/sekil3.png>]
File: ./fig/sekil3.png Graphic file (type png)
<use ./fig/sekil3.png>
Package pdftex.def Info: ./fig/sekil3.png  used on input line 178.
(pdftex.def)             Requested size: 469.64964pt x 298.67938pt.
 [11


]

Package fancyhdr Warning: \headheight is too small (0.0pt): 
(fancyhdr)                Make it at least 14.49998pt, for example:
(fancyhdr)                \setlength{\headheight}{14.49998pt}.
(fancyhdr)                You might also make \topmargin smaller to compensate:

(fancyhdr)                \addtolength{\topmargin}{-14.49998pt}.

[12

] [13] [14

] [15


]

Package fancyhdr Warning: \headheight is too small (0.0pt): 
(fancyhdr)                Make it at least 14.49998pt, for example:
(fancyhdr)                \setlength{\headheight}{14.49998pt}.
(fancyhdr)                You might also make \topmargin smaller to compensate:

(fancyhdr)                \addtolength{\topmargin}{-14.49998pt}.

[16

] [17]

Package hyperref Warning: bookmark level for unknown subsubsubsection defaults 
to 0.

) (chapter_03.tex

Package fancyhdr Warning: \headheight is too small (0.0pt): 
(fancyhdr)                Make it at least 14.49998pt, for example:
(fancyhdr)                \setlength{\headheight}{14.49998pt}.
(fancyhdr)                You might also make \topmargin smaller to compensate:

(fancyhdr)                \addtolength{\topmargin}{-14.49998pt}.

[18]
File: ./fig/sekil3.png Graphic file (type png)
<use ./fig/sekil3.png>
Package pdftex.def Info: ./fig/sekil3.png  used on input line 32.
(pdftex.def)             Requested size: 280.0pt x 178.06271pt.
 [19

]

Package fancyhdr Warning: \headheight is too small (0.0pt): 
(fancyhdr)                Make it at least 14.49998pt, for example:
(fancyhdr)                \setlength{\headheight}{14.49998pt}.
(fancyhdr)                You might also make \topmargin smaller to compensate:

(fancyhdr)                \addtolength{\topmargin}{-14.49998pt}.

[20]
File: ./fig/sekil3.png Graphic file (type png)
<use ./fig/sekil3.png>
Package pdftex.def Info: ./fig/sekil3.png  used on input line 73.
(pdftex.def)             Requested size: 250.0pt x 158.98813pt.
 [21pdfTeX warning (ext4): destination with the same identifier (name{equation.
3.0.1}) has been already used, duplicate ignored
<argument> ...shipout:D \box_use:N \l_shipout_box 
                                                  
l.82 
     pdfTeX warning (ext4): destination with the same identifier (name{equation
.3.0.2}) has been already used, duplicate ignored
<argument> ...shipout:D \box_use:N \l_shipout_box 
                                                  
l.82 
     ]
<./fig/sekil4.png, id=459, 1138.2525pt x 591.1686pt>
File: ./fig/sekil4.png Graphic file (type png)
<use ./fig/sekil4.png>
Package pdftex.def Info: ./fig/sekil4.png  used on input line 85.
(pdftex.def)             Requested size: 250.0pt x 129.84099pt.


Package fancyhdr Warning: \headheight is too small (0.0pt): 
(fancyhdr)                Make it at least 14.49998pt, for example:
(fancyhdr)                \setlength{\headheight}{14.49998pt}.
(fancyhdr)                You might also make \topmargin smaller to compensate:

(fancyhdr)                \addtolength{\topmargin}{-14.49998pt}.

[22 <./fig/sekil4.png>]) (chapter_04.tex [23]

Package fancyhdr Warning: \headheight is too small (0.0pt): 
(fancyhdr)                Make it at least 14.49998pt, for example:
(fancyhdr)                \setlength{\headheight}{14.49998pt}.
(fancyhdr)                You might also make \topmargin smaller to compensate:

(fancyhdr)                \addtolength{\topmargin}{-14.49998pt}.

[24

] [25]
Underfull \hbox (badness 2080) in paragraph at lines 29--30
[]\T1/ptm/m/n/12 Citing per-sonal com-mu-ni-ca-tion in main text body; (V.G. N
guyen, per-sonal
 []


Package fancyhdr Warning: \headheight is too small (0.0pt): 
(fancyhdr)                Make it at least 14.49998pt, for example:
(fancyhdr)                \setlength{\headheight}{14.49998pt}.
(fancyhdr)                You might also make \topmargin smaller to compensate:

(fancyhdr)                \addtolength{\topmargin}{-14.49998pt}.

[26] [27]

Package fancyhdr Warning: \headheight is too small (0.0pt): 
(fancyhdr)                Make it at least 14.49998pt, for example:
(fancyhdr)                \setlength{\headheight}{14.49998pt}.
(fancyhdr)                You might also make \topmargin smaller to compensate:

(fancyhdr)                \addtolength{\topmargin}{-14.49998pt}.

[28]
<./fig/sekil6.png, id=496, 542.7477pt x 476.982pt>
File: ./fig/sekil6.png Graphic file (type png)
<use ./fig/sekil6.png>
Package pdftex.def Info: ./fig/sekil6.png  used on input line 126.
(pdftex.def)             Requested size: 230.0pt x 202.12877pt.


LaTeX Warning: `h' float specifier changed to `ht'.

[29 <./fig/sekil6.png>]) (chapter_05.tex

Package fancyhdr Warning: \headheight is too small (0.0pt): 
(fancyhdr)                Make it at least 14.49998pt, for example:
(fancyhdr)                \setlength{\headheight}{14.49998pt}.
(fancyhdr)                You might also make \topmargin smaller to compensate:

(fancyhdr)                \addtolength{\topmargin}{-14.49998pt}.

[30]
<./fig/sekil5.png, id=506, 1183.7826pt x 689.4558pt>
File: ./fig/sekil5.png Graphic file (type png)
<use ./fig/sekil5.png>
Package pdftex.def Info: ./fig/sekil5.png  used on input line 31.
(pdftex.def)             Requested size: 230.0pt x 133.95415pt.
 [31

 <./fig/sekil5.png>]) (thesis.bbl

Package fancyhdr Warning: \headheight is too small (0.0pt): 
(fancyhdr)                Make it at least 14.49998pt, for example:
(fancyhdr)                \setlength{\headheight}{14.49998pt}.
(fancyhdr)                You might also make \topmargin smaller to compensate:

(fancyhdr)                \addtolength{\topmargin}{-14.49998pt}.

[32]
Underfull \hbox (badness 1292) in paragraph at lines 18--21
\T1/ptm/m/n/12 sys-tems : Tech-nol-ogy , sav-ing po-ten-tials and pol-icy op-ti
ons for
 []

LaTeX Font Info:    Trying to load font information for T1+pcr on input line 29
.
(D:\Work\PST\New folder\tex/latex/psnfss\t1pcr.fd
File: t1pcr.fd 2001/06/04 font definitions for T1/pcr.
)
Underfull \hbox (badness 1242) in paragraph at lines 32--34
[]\T1/ptm/b/n/12 EN, B. \T1/ptm/m/n/12 (2017). 13306:2017: Main-te-nanceMainte
nance ter-mi-nol-ogy, \T1/ptm/m/it/12 BSI
 []


Underfull \hbox (badness 1728) in paragraph at lines 36--39
\T1/ptm/m/n/12 In-stal-la-tions, Part I, \T1/ptm/m/it/12 IEEE Trans-ac-tions on
 In-dus-try Ap-pli-ca-tions\T1/ptm/m/n/12 ,
 []

[33

]
Underfull \hbox (badness 3407) in paragraph at lines 80--85
[]\T1/ptm/b/n/12 Nelson, M.R. \T1/ptm/m/n/12 (1988). Con-straints on the seis-m
ic ve-loc-ity struc-ture of
 []


Underfull \hbox (badness 1253) in paragraph at lines 80--85
\T1/ptm/m/n/12 the crust and up-per man-tle be-neath the east-ern Tien Shan, Ce
n-
 []


Underfull \hbox (badness 4479) in paragraph at lines 80--85
\T1/ptm/m/n/12 tral Asia, \T1/ptm/m/it/12 Ph.D. Dis-ser-ta-tion\T1/ptm/m/n/12 ,
 Mas-sachusetts In-sti-tute of Tech-
 []


Underfull \hbox (badness 2894) in paragraph at lines 80--85
\T1/ptm/m/n/12 nol-ogy (MIT), Cam-bridge, MA, []$\T1/pcr/m/n/12 https : / / dsp
ace . mit . edu /
 []


Underfull \hbox (badness 1424) in paragraph at lines 95--98
[]\T1/ptm/b/n/12 Star trek planet clas-si-fi-ca-tions\T1/ptm/m/n/12 , []$\T1/pc
r/m/n/12 http : / / en . wikipedia . org / wiki /
 []


Underfull \hbox (badness 10000) in paragraph at lines 95--98
\T1/pcr/m/n/12 Star _ Trek _ planet _ classifications$[]\T1/ptm/m/n/12 , alnd
 tarih:
 []


Underfull \hbox (badness 1189) in paragraph at lines 136--140
\T1/ptm/m/n/12 Cor-rec-tions of Ju-ror Judg-ments Im-pli-ca-tions for Jury In-s
truc-tions,
 []


Package fancyhdr Warning: \headheight is too small (0.0pt): 
(fancyhdr)                Make it at least 14.49998pt, for example:
(fancyhdr)                \setlength{\headheight}{14.49998pt}.
(fancyhdr)                You might also make \topmargin smaller to compensate:

(fancyhdr)                \addtolength{\topmargin}{-14.49998pt}.

[34]) [35]

Package fancyhdr Warning: \headheight is too small (0.0pt): 
(fancyhdr)                Make it at least 14.49998pt, for example:
(fancyhdr)                \setlength{\headheight}{14.49998pt}.
(fancyhdr)                You might also make \topmargin smaller to compensate:

(fancyhdr)                \addtolength{\topmargin}{-14.49998pt}.

[36

] (appendices_cover.tex
Underfull \hbox (badness 10000) in paragraph at lines 3--7

 []

[37]) (appendices.tex

Package fancyhdr Warning: \headheight is too small (0.0pt): 
(fancyhdr)                Make it at least 14.49998pt, for example:
(fancyhdr)                \setlength{\headheight}{14.49998pt}.
(fancyhdr)                You might also make \topmargin smaller to compensate:

(fancyhdr)                \addtolength{\topmargin}{-14.49998pt}.

[38

]pdfTeX warning (ext4): destination with the same identifier (name{chapter.1}) 
has been already used, duplicate ignored
<to be read again> 
                   \relax 
l.1 \chapter{APPENDIX A.1}
                           [39pdfTeX warning (ext4): destination with the same 
identifier (name{equation.1.0.1}) has been already used, duplicate ignored
<argument> ...shipout:D \box_use:N \l_shipout_box 
                                                  
l.59 \newpage
             ]

Package fancyhdr Warning: \headheight is too small (0.0pt): 
(fancyhdr)                Make it at least 14.49998pt, for example:
(fancyhdr)                \setlength{\headheight}{14.49998pt}.
(fancyhdr)                You might also make \topmargin smaller to compensate:

(fancyhdr)                \addtolength{\topmargin}{-14.49998pt}.

[40

]pdfTeX warning (ext4): destination with the same identifier (name{chapter.2}) 
has been already used, duplicate ignored
<to be read again> 
                   \relax 
l.61 \chapter{APPENDIX B.1}
                           ) [41pdfTeX warning (ext4): destination with the sam
e identifier (name{equation.2.0.1}) has been already used, duplicate ignored
<argument> ...shipout:D \box_use:N \l_shipout_box 
                                                  
l.226 \end{document}
                    ]

Package fancyhdr Warning: \headheight is too small (0.0pt): 
(fancyhdr)                Make it at least 14.49998pt, for example:
(fancyhdr)                \setlength{\headheight}{14.49998pt}.
(fancyhdr)                You might also make \topmargin smaller to compensate:

(fancyhdr)                \addtolength{\topmargin}{-14.49998pt}.

[42

] (resume.tex
<./fig/photo.png, id=594, 265.9536pt x 346.1733pt>
File: ./fig/photo.png Graphic file (type png)
<use ./fig/photo.png>
Package pdftex.def Info: ./fig/photo.png  used on input line 6.
(pdftex.def)             Requested size: 93.08514pt x 121.16246pt.

Overfull \hbox (83.08514pt too wide) in paragraph at lines 6--8
[][] 
 []


Underfull \hbox (badness 10000) in paragraph at lines 11--12

 []


Underfull \hbox (badness 10000) in paragraph at lines 14--15

 []


Underfull \hbox (badness 10000) in paragraph at lines 17--18

 []


Underfull \hbox (badness 1028) in paragraph at lines 44--49
\T1/ptm/b/n/12 New-ton A. \T1/ptm/m/n/12 2007. Eras-mus Mundus Scholar's Per-sp
ec-tive On Wa-ter And
 []

[43 <./fig/photo.png>]

Package fancyhdr Warning: \headheight is too small (0.0pt): 
(fancyhdr)                Make it at least 14.49998pt, for example:
(fancyhdr)                \setlength{\headheight}{14.49998pt}.
(fancyhdr)                You might also make \topmargin smaller to compensate:

(fancyhdr)                \addtolength{\topmargin}{-14.49998pt}.

[44]) [45] (thesis.aux) ) 
Here is how much of TeX's memory you used:
 31024 strings out of 479321
 565994 string characters out of 2866933
 932744 words of memory out of 3000000
 47615 multiletter control sequences out of 15000+600000
 464076 words of font info for 130 fonts, out of 8000000 for 9000
 1141 hyphenation exceptions out of 8191
 107i,14n,105p,1101b,919s stack positions out of 5000i,500n,10000p,200000b,80000s
{D:/Work/PST/New folder/fonts/enc/dvips/base/8r.enc}<D
:/Work/PST/New folder/fonts/type1/public/amsfonts/cm/cmmi10.pfb><D:/Work/PST/Ne
w folder/fonts/type1/public/amsfonts/cm/cmr10.pfb><D:/Work/PST/New folder/fonts
/type1/public/amsfonts/cm/cmsy10.pfb><D:/Work/PST/New folder/fonts/type1/public
/amsfonts/symbols/msam10.pfb><D:/Work/PST/New folder/fonts/type1/urw/courier/uc
rr8a.pfb><D:/Work/PST/New folder/fonts/type1/urw/symbol/usyr.pfb><D:/Work/PST/N
ew folder/fonts/type1/urw/times/utmb8a.pfb><D:/Work/PST/New folder/fonts/type1/
urw/times/utmbi8a.pfb><D:/Work/PST/New folder/fonts/type1/urw/times/utmr8a.pfb>
<D:/Work/PST/New folder/fonts/type1/urw/times/utmri8a.pfb>
Output written on thesis.pdf (71 pages, 441052 bytes).
PDF statistics:
 929 PDF objects out of 1000 (max. 8388607)
 192 named destinations out of 1000 (max. 500000)
 704 words of extra memory for PDF output out of 10000 (max. 10000000)

